<?xml version="1.0" encoding="UTF-8"?>
<!-- Generated by org.testng.reporters.JUnitReportReporter -->
<testsuite hostname="LTIN227106" failures="0" tests="2" name="testCases.TC_001_UpcomingBikes" time="105.503" errors="0" timestamp="2024-02-09T16:11:29 IST" skipped="0">
  <testcase classname="testCases.TC_001_UpcomingBikes" name="test_UpcomingBikes" time="60.762"/>
  <testcase classname="testCases.TC_001_UpcomingBikes" name="excel1Bikes" time="44.741"/>
</testsuite> <!-- testCases.TC_001_UpcomingBikes -->
