<?xml version="1.0" encoding="UTF-8"?>
<!-- Generated by org.testng.reporters.JUnitReportReporter -->
<testsuite hostname="LTIN227106" failures="0" tests="2" name="testCases.TC_002_UsedCars" time="44.477" errors="0" timestamp="2024-02-09T16:11:29 IST" skipped="0">
  <testcase classname="testCases.TC_002_UsedCars" name="test_UsedCarsInChennai" time="37.374"/>
  <testcase classname="testCases.TC_002_UsedCars" name="excel2PopularModels" time="7.103"/>
</testsuite> <!-- testCases.TC_002_UsedCars -->
