<?xml version="1.0" encoding="UTF-8"?>
<!-- Generated by org.testng.reporters.JUnitReportReporter -->
<testsuite hostname="LTIN227106" failures="0" tests="3" name="testCases.TC_003_Login" time="17.431" errors="0" timestamp="2024-02-09T16:11:29 IST" skipped="0">
  <testcase classname="testCases.TC_003_Login" name="test_Login" time="10.566"/>
  <testcase classname="testCases.TC_003_Login" name="test_navigateGoogle" time="6.737"/>
  <testcase classname="testCases.TC_003_Login" name="excel3ErrorMsg" time="0.128"/>
</testsuite> <!-- testCases.TC_003_Login -->
