<?xml version="1.0" encoding="UTF-8"?>
<!-- Generated by org.testng.reporters.JUnitReportReporter -->
<testsuite hostname="LTIN227106" failures="0" tests="2" name="testCases.TC_001_UpcomingBikes" time="66.307" errors="0" timestamp="2024-02-07T13:19:21 IST" skipped="0">
  <testcase classname="testCases.TC_001_UpcomingBikes" name="test_UpcomingBikes" time="49.672"/>
  <testcase classname="testCases.TC_001_UpcomingBikes" name="excel1Bikes" time="16.635"/>
</testsuite> <!-- testCases.TC_001_UpcomingBikes -->
