<?xml version="1.0" encoding="UTF-8"?>
<!-- Generated by org.testng.reporters.JUnitReportReporter -->
<testsuite hostname="LTIN227106" failures="0" tests="2" name="testCases.TC_002_UsedCars" time="33.412" errors="0" timestamp="2024-02-07T13:19:20 IST" skipped="0">
  <testcase classname="testCases.TC_002_UsedCars" name="test_UsedCarsInChennai" time="26.770"/>
  <testcase classname="testCases.TC_002_UsedCars" name="excel2PopularModels" time="6.642"/>
</testsuite> <!-- testCases.TC_002_UsedCars -->
