<?xml version="1.0" encoding="UTF-8"?>
<!-- Generated by org.testng.reporters.JUnitReportReporter -->
<testsuite hostname="LTIN227106" failures="0" tests="2" name="testCases.TC_003_Login" time="13.201" errors="0" timestamp="2024-02-07T13:19:21 IST" skipped="0">
  <testcase classname="testCases.TC_003_Login" name="test_Login" time="13.019"/>
  <testcase classname="testCases.TC_003_Login" name="excel3ErrorMsg" time="0.182"/>
</testsuite> <!-- testCases.TC_003_Login -->
